Using pre-set license
Built from '2021.1/staging' branch; Version is '2021.1.15f1 (e767a7370072) revision 15165351'; Using compiler version '192528614'; Build Type 'Release'
OS: 'Windows 10 Pro; OS build 19043.1348; Version 2009; 64bit' Language: 'en' Physical Memory: 16310 MB
BatchMode: 1, IsHumanControllingUs: 0, StartBugReporterOnCrash: 0, Is64bit: 1, IsPro: 0

 COMMAND LINE ARGUMENTS:
C:\Program Files\Unity\Hub\Editor\2021.1.15f1\Editor\Unity.exe
-adb2
-batchMode
-noUpm
-name
AssetImportWorker0
-projectPath
C:/Users/Sherr/Documents/GitHub Repos/Scout's Honour/Scouts-Honour/ScoutsHonourProjectFiles
-logFile
Logs/AssetImportWorker0.log
-srvPort
52748
Successfully changed project path to: C:/Users/Sherr/Documents/GitHub Repos/Scout's Honour/Scouts-Honour/ScoutsHonourProjectFiles
C:/Users/Sherr/Documents/GitHub Repos/Scout's Honour/Scouts-Honour/ScoutsHonourProjectFiles
Using Asset Import Pipeline V2.
Refreshing native plugins compatible for Editor in 20.48 ms, found 2 plugins.
Preloading 0 native plugins for Editor in 0.00 ms.
Initialize engine version: 2021.1.15f1 (e767a7370072)
[Subsystems] Discovering subsystems at path C:/Program Files/Unity/Hub/Editor/2021.1.15f1/Editor/Data/Resources/UnitySubsystems
[Subsystems] Discovering subsystems at path C:/Users/Sherr/Documents/GitHub Repos/Scout's Honour/Scouts-Honour/ScoutsHonourProjectFiles/Assets
GfxDevice: creating device client; threaded=0; jobified=0
Direct3D:
    Version:  Direct3D 11.0 [level 11.1]
    Renderer: NVIDIA GeForce GTX 1060 6GB (ID=0x1c03)
    Vendor:   NVIDIA
    VRAM:     6052 MB
    Driver:   27.21.14.6647
Initialize mono
Mono path[0] = 'C:/Program Files/Unity/Hub/Editor/2021.1.15f1/Editor/Data/Managed'
Mono path[1] = 'C:/Program Files/Unity/Hub/Editor/2021.1.15f1/Editor/Data/MonoBleedingEdge/lib/mono/unityjit'
Mono config path = 'C:/Program Files/Unity/Hub/Editor/2021.1.15f1/Editor/Data/MonoBleedingEdge/etc'
Using monoOptions --debugger-agent=transport=dt_socket,embedding=1,server=y,suspend=n,address=127.0.0.1:56104
Begin MonoManager ReloadAssembly
Registering precompiled unity dll's ...
Register platform support module: C:/Program Files/Unity/Hub/Editor/2021.1.15f1/Editor/Data/PlaybackEngines/WindowsStandaloneSupport/UnityEditor.WindowsStandalone.Extensions.dll
Registered in 0.001509 seconds.
Native extension for WindowsStandalone target not found
Refreshing native plugins compatible for Editor in 19.50 ms, found 2 plugins.
Preloading 0 native plugins for Editor in 0.00 ms.
Mono: successfully reloaded assembly
- Completed reload, in  0.815 seconds
Domain Reload Profiling:
	ReloadAssembly (815ms)
		BeginReloadAssembly (37ms)
			ExecutionOrderSort (0ms)
			DisableScriptedObjects (0ms)
			BackupInstance (0ms)
			ReleaseScriptingObjects (0ms)
			CreateAndSetChildDomain (1ms)
		EndReloadAssembly (264ms)
			LoadAssemblies (35ms)
			RebuildTransferFunctionScriptingTraits (0ms)
			SetupTypeCache (104ms)
			ReleaseScriptCaches (0ms)
			RebuildScriptCaches (19ms)
			SetupLoadedEditorAssemblies (111ms)
				LogAssemblyErrors (0ms)
				InitializePlatformSupportModulesInManaged (4ms)
				SetLoadedEditorAssemblies (0ms)
				RefreshPlugins (20ms)
				BeforeProcessingInitializeOnLoad (1ms)
				ProcessInitializeOnLoadAttributes (66ms)
				ProcessInitializeOnLoadMethodAttributes (20ms)
				AfterProcessingInitializeOnLoad (0ms)
				EditorAssembliesLoaded (0ms)
			ExecutionOrderSort2 (0ms)
			AwakeInstancesAfterBackupRestoration (0ms)
Platform modules already initialized, skipping
Registering precompiled user dll's ...
Registered in 0.002699 seconds.
Begin MonoManager ReloadAssembly
Native extension for WindowsStandalone target not found
Refreshing native plugins compatible for Editor in 0.31 ms, found 2 plugins.
Preloading 0 native plugins for Editor in 0.00 ms.
Mono: successfully reloaded assembly
- Completed reload, in  0.634 seconds
Domain Reload Profiling:
	ReloadAssembly (635ms)
		BeginReloadAssembly (95ms)
			ExecutionOrderSort (0ms)
			DisableScriptedObjects (3ms)
			BackupInstance (0ms)
			ReleaseScriptingObjects (0ms)
			CreateAndSetChildDomain (15ms)
		EndReloadAssembly (500ms)
			LoadAssemblies (59ms)
			RebuildTransferFunctionScriptingTraits (0ms)
			SetupTypeCache (166ms)
			ReleaseScriptCaches (0ms)
			RebuildScriptCaches (24ms)
			SetupLoadedEditorAssemblies (195ms)
				LogAssemblyErrors (0ms)
				InitializePlatformSupportModulesInManaged (4ms)
				SetLoadedEditorAssemblies (1ms)
				RefreshPlugins (0ms)
				BeforeProcessingInitializeOnLoad (31ms)
				ProcessInitializeOnLoadAttributes (152ms)
				ProcessInitializeOnLoadMethodAttributes (4ms)
				AfterProcessingInitializeOnLoad (5ms)
				EditorAssembliesLoaded (0ms)
			ExecutionOrderSort2 (0ms)
			AwakeInstancesAfterBackupRestoration (5ms)
Platform modules already initialized, skipping
========================================================================
Worker process is ready to serve import requests
Launched and connected shader compiler UnityShaderCompiler.exe after 0.04 seconds
Refreshing native plugins compatible for Editor in 0.28 ms, found 2 plugins.
Preloading 0 native plugins for Editor in 0.00 ms.
Unloading 1432 Unused Serialized files (Serialized files now loaded: 0)
System memory in use before: 139.1 MB.
System memory in use after: 139.1 MB.

Unloading 18 unused Assets to reduce memory usage. Loaded Objects now: 1902.
Total: 1.525100 ms (FindLiveObjects: 0.106600 ms CreateObjectMapping: 0.036100 ms MarkObjects: 1.323000 ms  DeleteObjects: 0.058800 ms)

AssetImportParameters requested are different than current active one (requested -> active):
  custom:framework-win-MediaFoundation: 216162199b28c13a410421893ffa2e32 -> 
  custom:video-decoder-ogg-theora: a1e56fd34408186e4bbccfd4996cb3dc -> 
  custom:container-muxer-webm: aa71ff27fc2769a1b78a27578f13a17b -> 
  custom:container-demuxer-webm: 4f35f7cbe854078d1ac9338744f61a02 -> 
  custom:container-demuxer-ogg: 62fdf1f143b41e24485cea50d1cbac27 -> 
  custom:video-encoder-webm-vp8: eb34c28f22e8b96e1ab97ce403110664 -> 
  custom:video-decoder-webm-vp8: 9c59270c3fd7afecdb556c50c9e8de78 -> 
  custom:audio-decoder-ogg-vorbis: bf7c407c2cedff20999df2af8eb42d56 -> 
  custom:audio-encoder-webm-vorbis: bf7c407c2cedff20999df2af8eb42d56 -> 
========================================================================
Received Import Request.
  path: Assets/Art Assets/2D/backpackGlow.png
  artifactKey: Guid(c73eaf15ce1fcb944a51dfa0d405a1fb) Importer(815301076,1909f56bfc062723c751e8b465ee728b)
Start importing Assets/Art Assets/2D/backpackGlow.png using Guid(c73eaf15ce1fcb944a51dfa0d405a1fb) Importer(815301076,1909f56bfc062723c751e8b465ee728b)  -> (artifact id: '987faac3778d57c446ffa05ed2f8c0b3') in 0.071482 seconds 
========================================================================
Received Import Request.
  Time since last request: 34.957374 seconds.
  path: Assets/Art Assets/2D/backpackGlow.png
  artifactKey: Guid(c73eaf15ce1fcb944a51dfa0d405a1fb) Importer(815301076,1909f56bfc062723c751e8b465ee728b)
Start importing Assets/Art Assets/2D/backpackGlow.png using Guid(c73eaf15ce1fcb944a51dfa0d405a1fb) Importer(815301076,1909f56bfc062723c751e8b465ee728b)  -> (artifact id: '3d2fb72dcae3a1d74692f84ccb430399') in 0.036481 seconds 
========================================================================
Received Prepare
Registering precompiled user dll's ...
Registered in 0.002551 seconds.
Begin MonoManager ReloadAssembly
Native extension for WindowsStandalone target not found
Refreshing native plugins compatible for Editor in 0.30 ms, found 2 plugins.
Preloading 0 native plugins for Editor in 0.00 ms.
Mono: successfully reloaded assembly
- Completed reload, in  0.606 seconds
Domain Reload Profiling:
	ReloadAssembly (606ms)
		BeginReloadAssembly (77ms)
			ExecutionOrderSort (0ms)
			DisableScriptedObjects (3ms)
			BackupInstance (0ms)
			ReleaseScriptingObjects (0ms)
			CreateAndSetChildDomain (23ms)
		EndReloadAssembly (489ms)
			LoadAssemblies (54ms)
			RebuildTransferFunctionScriptingTraits (0ms)
			SetupTypeCache (165ms)
			ReleaseScriptCaches (1ms)
			RebuildScriptCaches (22ms)
			SetupLoadedEditorAssemblies (186ms)
				LogAssemblyErrors (0ms)
				InitializePlatformSupportModulesInManaged (4ms)
				SetLoadedEditorAssemblies (0ms)
				RefreshPlugins (0ms)
				BeforeProcessingInitializeOnLoad (29ms)
				ProcessInitializeOnLoadAttributes (145ms)
				ProcessInitializeOnLoadMethodAttributes (3ms)
				AfterProcessingInitializeOnLoad (5ms)
				EditorAssembliesLoaded (0ms)
			ExecutionOrderSort2 (0ms)
			AwakeInstancesAfterBackupRestoration (8ms)
Platform modules already initialized, skipping
Refreshing native plugins compatible for Editor in 0.29 ms, found 2 plugins.
Preloading 0 native plugins for Editor in 0.00 ms.
Unloading 1414 Unused Serialized files (Serialized files now loaded: 0)
System memory in use before: 142.9 MB.
System memory in use after: 143.1 MB.

Unloading 13 unused Assets to reduce memory usage. Loaded Objects now: 1940.
Total: 1.414300 ms (FindLiveObjects: 0.087900 ms CreateObjectMapping: 0.026200 ms MarkObjects: 1.289900 ms  DeleteObjects: 0.009800 ms)

AssetImportParameters requested are different than current active one (requested -> active):
  custom:framework-win-MediaFoundation: 216162199b28c13a410421893ffa2e32 -> 
  custom:video-decoder-ogg-theora: a1e56fd34408186e4bbccfd4996cb3dc -> 
  custom:container-muxer-webm: aa71ff27fc2769a1b78a27578f13a17b -> 
  custom:container-demuxer-webm: 4f35f7cbe854078d1ac9338744f61a02 -> 
  custom:container-demuxer-ogg: 62fdf1f143b41e24485cea50d1cbac27 -> 
  custom:video-encoder-webm-vp8: eb34c28f22e8b96e1ab97ce403110664 -> 
  custom:video-decoder-webm-vp8: 9c59270c3fd7afecdb556c50c9e8de78 -> 
  custom:audio-decoder-ogg-vorbis: bf7c407c2cedff20999df2af8eb42d56 -> 
  custom:audio-encoder-webm-vorbis: bf7c407c2cedff20999df2af8eb42d56 -> 
========================================================================
Received Import Request.
  Time since last request: 230.892052 seconds.
  path: Assets/Scripts/VialManager.cs
  artifactKey: Guid(eafc937d9fc06d84d874bcb0cde29935) Importer(815301076,1909f56bfc062723c751e8b465ee728b)
Start importing Assets/Scripts/VialManager.cs using Guid(eafc937d9fc06d84d874bcb0cde29935) Importer(815301076,1909f56bfc062723c751e8b465ee728b)  -> (artifact id: '4b38fe71bab3d06ca81386e4c020a3dc') in 0.030219 seconds 
========================================================================
Received Import Request.
  Time since last request: 2.088178 seconds.
  path: Assets/Scripts/PurifierManager.cs
  artifactKey: Guid(71cc01bbcb181414b9a83a58850de292) Importer(815301076,1909f56bfc062723c751e8b465ee728b)
Start importing Assets/Scripts/PurifierManager.cs using Guid(71cc01bbcb181414b9a83a58850de292) Importer(815301076,1909f56bfc062723c751e8b465ee728b)  -> (artifact id: 'd96bba865b536fc2f882a8134155a9ca') in 0.001471 seconds 
========================================================================
Received Import Request.
  Time since last request: 1.675951 seconds.
  path: Assets/Scripts/PrefabMeshActivation.cs
  artifactKey: Guid(a5db9a0be87f8ab438da8bcf9e0094bf) Importer(815301076,1909f56bfc062723c751e8b465ee728b)
Start importing Assets/Scripts/PrefabMeshActivation.cs using Guid(a5db9a0be87f8ab438da8bcf9e0094bf) Importer(815301076,1909f56bfc062723c751e8b465ee728b)  -> (artifact id: '6a5bd0604c721e4b707a9e861f56bae5') in 0.001571 seconds 
========================================================================
Received Import Request.
  Time since last request: 1.288022 seconds.
  path: Assets/Scripts/PrefabActivation.cs
  artifactKey: Guid(b1045e3866c1cb64ea87d49a2b999c97) Importer(815301076,1909f56bfc062723c751e8b465ee728b)
Start importing Assets/Scripts/PrefabActivation.cs using Guid(b1045e3866c1cb64ea87d49a2b999c97) Importer(815301076,1909f56bfc062723c751e8b465ee728b)  -> (artifact id: '355ea3966abcd3119577e6f230b7a531') in 0.001754 seconds 
========================================================================
Received Prepare
Registering precompiled user dll's ...
Registered in 0.002466 seconds.
Begin MonoManager ReloadAssembly
Native extension for WindowsStandalone target not found
Refreshing native plugins compatible for Editor in 0.30 ms, found 2 plugins.
Preloading 0 native plugins for Editor in 0.00 ms.
Mono: successfully reloaded assembly
- Completed reload, in  0.602 seconds
Domain Reload Profiling:
	ReloadAssembly (602ms)
		BeginReloadAssembly (74ms)
			ExecutionOrderSort (0ms)
			DisableScriptedObjects (4ms)
			BackupInstance (0ms)
			ReleaseScriptingObjects (0ms)
			CreateAndSetChildDomain (22ms)
		EndReloadAssembly (487ms)
			LoadAssemblies (55ms)
			RebuildTransferFunctionScriptingTraits (0ms)
			SetupTypeCache (172ms)
			ReleaseScriptCaches (1ms)
			RebuildScriptCaches (22ms)
			SetupLoadedEditorAssemblies (177ms)
				LogAssemblyErrors (0ms)
				InitializePlatformSupportModulesInManaged (4ms)
				SetLoadedEditorAssemblies (0ms)
				RefreshPlugins (0ms)
				BeforeProcessingInitializeOnLoad (27ms)
				ProcessInitializeOnLoadAttributes (138ms)
				ProcessInitializeOnLoadMethodAttributes (3ms)
				AfterProcessingInitializeOnLoad (4ms)
				EditorAssembliesLoaded (0ms)
			ExecutionOrderSort2 (0ms)
			AwakeInstancesAfterBackupRestoration (9ms)
Platform modules already initialized, skipping
Refreshing native plugins compatible for Editor in 0.29 ms, found 2 plugins.
Preloading 0 native plugins for Editor in 0.00 ms.
Unloading 1413 Unused Serialized files (Serialized files now loaded: 0)
System memory in use before: 142.9 MB.
System memory in use after: 143.0 MB.

Unloading 13 unused Assets to reduce memory usage. Loaded Objects now: 1943.
Total: 1.520000 ms (FindLiveObjects: 0.126900 ms CreateObjectMapping: 0.042300 ms MarkObjects: 1.339900 ms  DeleteObjects: 0.010300 ms)

AssetImportParameters requested are different than current active one (requested -> active):
  custom:framework-win-MediaFoundation: 216162199b28c13a410421893ffa2e32 -> 
  custom:video-decoder-ogg-theora: a1e56fd34408186e4bbccfd4996cb3dc -> 
  custom:container-muxer-webm: aa71ff27fc2769a1b78a27578f13a17b -> 
  custom:container-demuxer-webm: 4f35f7cbe854078d1ac9338744f61a02 -> 
  custom:container-demuxer-ogg: 62fdf1f143b41e24485cea50d1cbac27 -> 
  custom:video-encoder-webm-vp8: eb34c28f22e8b96e1ab97ce403110664 -> 
  custom:video-decoder-webm-vp8: 9c59270c3fd7afecdb556c50c9e8de78 -> 
  custom:audio-decoder-ogg-vorbis: bf7c407c2cedff20999df2af8eb42d56 -> 
  custom:audio-encoder-webm-vorbis: bf7c407c2cedff20999df2af8eb42d56 -> 
========================================================================
Received Import Request.
  Time since last request: 429.972750 seconds.
  path: Assets/Art Assets/2D/SleepingIcon.png
  artifactKey: Guid(3dfab9f02c9d4644090bb86e7e312c7d) Importer(815301076,1909f56bfc062723c751e8b465ee728b)
Start importing Assets/Art Assets/2D/SleepingIcon.png using Guid(3dfab9f02c9d4644090bb86e7e312c7d) Importer(815301076,1909f56bfc062723c751e8b465ee728b)  -> (artifact id: '843b65303ed28a20ca14e7a2ddbd17ba') in 0.048552 seconds 
========================================================================
Received Import Request.
  Time since last request: 5.623866 seconds.
  path: Assets/Art Assets/2D/SleepingIcon.png
  artifactKey: Guid(3dfab9f02c9d4644090bb86e7e312c7d) Importer(815301076,1909f56bfc062723c751e8b465ee728b)
Start importing Assets/Art Assets/2D/SleepingIcon.png using Guid(3dfab9f02c9d4644090bb86e7e312c7d) Importer(815301076,1909f56bfc062723c751e8b465ee728b)  -> (artifact id: '80ccb8949e791c9db0454eb7b996002e') in 0.022788 seconds 
========================================================================
Received Prepare
Registering precompiled user dll's ...
Registered in 0.003034 seconds.
Begin MonoManager ReloadAssembly
Native extension for WindowsStandalone target not found
Refreshing native plugins compatible for Editor in 0.37 ms, found 2 plugins.
Preloading 0 native plugins for Editor in 0.00 ms.
Mono: successfully reloaded assembly
- Completed reload, in  0.747 seconds
Domain Reload Profiling:
	ReloadAssembly (748ms)
		BeginReloadAssembly (97ms)
			ExecutionOrderSort (0ms)
			DisableScriptedObjects (3ms)
			BackupInstance (0ms)
			ReleaseScriptingObjects (0ms)
			CreateAndSetChildDomain (29ms)
		EndReloadAssembly (599ms)
			LoadAssemblies (71ms)
			RebuildTransferFunctionScriptingTraits (0ms)
			SetupTypeCache (217ms)
			ReleaseScriptCaches (1ms)
			RebuildScriptCaches (26ms)
			SetupLoadedEditorAssemblies (213ms)
				LogAssemblyErrors (0ms)
				InitializePlatformSupportModulesInManaged (4ms)
				SetLoadedEditorAssemblies (0ms)
				RefreshPlugins (0ms)
				BeforeProcessingInitializeOnLoad (34ms)
				ProcessInitializeOnLoadAttributes (166ms)
				ProcessInitializeOnLoadMethodAttributes (3ms)
				AfterProcessingInitializeOnLoad (5ms)
				EditorAssembliesLoaded (0ms)
			ExecutionOrderSort2 (0ms)
			AwakeInstancesAfterBackupRestoration (10ms)
Platform modules already initialized, skipping
Refreshing native plugins compatible for Editor in 0.32 ms, found 2 plugins.
Preloading 0 native plugins for Editor in 0.00 ms.
Unloading 1414 Unused Serialized files (Serialized files now loaded: 0)
System memory in use before: 147.7 MB.
System memory in use after: 147.8 MB.

Unloading 13 unused Assets to reduce memory usage. Loaded Objects now: 1976.
Total: 2.475800 ms (FindLiveObjects: 0.133400 ms CreateObjectMapping: 0.099900 ms MarkObjects: 2.227400 ms  DeleteObjects: 0.014100 ms)

AssetImportParameters requested are different than current active one (requested -> active):
  custom:framework-win-MediaFoundation: 216162199b28c13a410421893ffa2e32 -> 
  custom:video-decoder-ogg-theora: a1e56fd34408186e4bbccfd4996cb3dc -> 
  custom:container-muxer-webm: aa71ff27fc2769a1b78a27578f13a17b -> 
  custom:container-demuxer-webm: 4f35f7cbe854078d1ac9338744f61a02 -> 
  custom:container-demuxer-ogg: 62fdf1f143b41e24485cea50d1cbac27 -> 
  custom:video-encoder-webm-vp8: eb34c28f22e8b96e1ab97ce403110664 -> 
  custom:video-decoder-webm-vp8: 9c59270c3fd7afecdb556c50c9e8de78 -> 
  custom:audio-decoder-ogg-vorbis: bf7c407c2cedff20999df2af8eb42d56 -> 
  custom:audio-encoder-webm-vorbis: bf7c407c2cedff20999df2af8eb42d56 -> 
AssetImportWorkerClient::OnTransportError - code=2 error=End of file
